# JRE version: Java(TM) SE Runtime Environment 18.9 (11.0.13+10) (build 11.0.13+10-LTS-370)
# Java VM: Java HotSpot(TM) 64-Bit Server VM 18.9 (11.0.13+10-LTS-370, mixed mode, tiered, compressed oops, g1 gc, windows-amd64)
Heap:
 garbage-first heap   total 251904K, used 27400K [0x000000070a200000, 0x0000000800000000)
  region size 1024K, 22 young (22528K), 4 survivors (4096K)
 Metaspace       used 29500K, capacity 30715K, committed 30848K, reserved 1075200K
  class space    used 3843K, capacity 4357K, committed 4480K, reserved 1048576K
GC Heap History (6 events):
Event: 0.577 GC heap before
{Heap before GC invocations=0 (full 0):
 garbage-first heap   total 251904K, used 23552K [0x000000070a200000, 0x0000000800000000)
  region size 1024K, 24 young (24576K), 0 survivors (0K)
 Metaspace       used 14227K, capacity 14524K, committed 14592K, reserved 1062912K
  class space    used 1383K, capacity 1518K, committed 1536K, reserved 1048576K
}
Event: 0.580 GC heap after
{Heap after GC invocations=1 (full 0):
 garbage-first heap   total 251904K, used 5186K [0x000000070a200000, 0x0000000800000000)
  region size 1024K, 3 young (3072K), 3 survivors (3072K)
 Metaspace       used 14227K, capacity 14524K, committed 14592K, reserved 1062912K
  class space    used 1383K, capacity 1518K, committed 1536K, reserved 1048576K
}
Event: 0.837 GC heap before
{Heap before GC invocations=1 (full 0):
 garbage-first heap   total 251904K, used 25666K [0x000000070a200000, 0x0000000800000000)
  region size 1024K, 24 young (24576K), 3 survivors (3072K)
 Metaspace       used 20615K, capacity 21147K, committed 21248K, reserved 1069056K
  class space    used 2251K, capacity 2488K, committed 2560K, reserved 1048576K
}
Event: 0.840 GC heap after
{Heap after GC invocations=2 (full 0):
 garbage-first heap   total 251904K, used 6886K [0x000000070a200000, 0x0000000800000000)
  region size 1024K, 5 young (5120K), 5 survivors (5120K)
 Metaspace       used 20615K, capacity 21147K, committed 21248K, reserved 1069056K
  class space    used 2251K, capacity 2488K, committed 2560K, reserved 1048576K
}
Event: 1.183 GC heap before
{Heap before GC invocations=3 (full 0):
 garbage-first heap   total 251904K, used 29414K [0x000000070a200000, 0x0000000800000000)
  region size 1024K, 27 young (27648K), 5 survivors (5120K)
 Metaspace       used 25642K, capacity 26455K, committed 26624K, reserved 1073152K
  class space    used 3129K, capacity 3470K, committed 3584K, reserved 1048576K
}
Event: 1.186 GC heap after
{Heap after GC invocations=4 (full 0):
 garbage-first heap   total 251904K, used 9992K [0x000000070a200000, 0x0000000800000000)
  region size 1024K, 4 young (4096K), 4 survivors (4096K)
 Metaspace       used 25642K, capacity 26455K, committed 26624K, reserved 1073152K
  class space    used 3129K, capacity 3470K, committed 3584K, reserved 1048576K
}

